# JRE version: Java(TM) SE Runtime Environment (8.0_191-b12) (build 1.8.0_191-b12)
# Java VM: Java HotSpot(TM) Client VM (25.191-b12 mixed mode windows-x86 )
Heap:
 def new generation   total 157248K, used 157247K [0x05e00000, 0x108a0000, 0x108a0000)
  eden space 139776K,  99% used [0x05e00000, 0x0e67fff8, 0x0e680000)
  from space 17472K,  99% used [0x0e680000, 0x0f78ffe8, 0x0f790000)
  to   space 17472K,   0% used [0x0f790000, 0x0f790000, 0x108a0000)
 tenured generation   total 349568K, used 349567K [0x108a0000, 0x25e00000, 0x25e00000)
   the space 349568K,  99% used [0x108a0000, 0x25dffff0, 0x25e00000, 0x25e00000)
 Metaspace       used 22669K, capacity 23188K, committed 23296K, reserved 23936K
GC Heap History (10 events):
Event: 3963.132 GC heap before
{Heap before GC invocations=3502 (full 2544):
 def new generation   total 157248K, used 157247K [0x05e00000, 0x108a0000, 0x108a0000)
  eden space 139776K,  99% used [0x05e00000, 0x0e67fff8, 0x0e680000)
  from space 17472K,  99% used [0x0e680000, 0x0f78ffd8, 0x0f790000)
  to   space 17472K,   0% used [0x0f790000, 0x0f790000, 0x108a0000)
 tenured generation   total 349568K, used 349567K [0x108a0000, 0x25e00000, 0x25e00000)
   the space 349568K,  99% used [0x108a0000, 0x25dffff0, 0x25e00000, 0x25e00000)
 Metaspace       used 22669K, capacity 23188K, committed 23296K, reserved 23936K
Event: 3963.546 GC heap after
Heap after GC invocations=3503 (full 2545):
 def new generation   total 157248K, used 157247K [0x05e00000, 0x108a0000, 0x108a0000)
  eden space 139776K,  99% used [0x05e00000, 0x0e67ffd8, 0x0e680000)
  from space 17472K,  99% used [0x0e680000, 0x0f78ffa8, 0x0f790000)
  to   space 17472K,   0% used [0x0f790000, 0x0f790000, 0x108a0000)
 tenured generation   total 349568K, used 349567K [0x108a0000, 0x25e00000, 0x25e00000)
   the space 349568K,  99% used [0x108a0000, 0x25dffff0, 0x25e00000, 0x25e00000)
 Metaspace       used 22669K, capacity 23188K, committed 23296K, reserved 23936K
}
Event: 3963.546 GC heap before
{Heap before GC invocations=3503 (full 2545):
 def new generation   total 157248K, used 157247K [0x05e00000, 0x108a0000, 0x108a0000)
  eden space 139776K,  99% used [0x05e00000, 0x0e67fff8, 0x0e680000)
  from space 17472K,  99% used [0x0e680000, 0x0f78ffe8, 0x0f790000)
  to   space 17472K,   0% used [0x0f790000, 0x0f790000, 0x108a0000)
 tenured generation   total 349568K, used 349567K [0x108a0000, 0x25e00000, 0x25e00000)
   the space 349568K,  99% used [0x108a0000, 0x25dffff0, 0x25e00000, 0x25e00000)
 Metaspace       used 22669K, capacity 23188K, committed 23296K, reserved 23936K
Event: 3964.010 GC heap after
Heap after GC invocations=3504 (full 2546):
 def new generation   total 157248K, used 157247K [0x05e00000, 0x108a0000, 0x108a0000)
  eden space 139776K,  99% used [0x05e00000, 0x0e67fff8, 0x0e680000)
  from space 17472K,  99% used [0x0e680000, 0x0f78ffe8, 0x0f790000)
  to   space 17472K,   0% used [0x0f790000, 0x0f790000, 0x108a0000)
 tenured generation   total 349568K, used 349567K [0x108a0000, 0x25e00000, 0x25e00000)
   the space 349568K,  99% used [0x108a0000, 0x25dffff0, 0x25e00000, 0x25e00000)
 Metaspace       used 22669K, capacity 23188K, committed 23296K, reserved 23936K
}
Event: 3964.010 GC heap before
{Heap before GC invocations=3504 (full 2546):
 def new generation   total 157248K, used 157247K [0x05e00000, 0x108a0000, 0x108a0000)
  eden space 139776K,  99% used [0x05e00000, 0x0e67fff8, 0x0e680000)
  from space 17472K,  99% used [0x0e680000, 0x0f78ffe8, 0x0f790000)
  to   space 17472K,   0% used [0x0f790000, 0x0f790000, 0x108a0000)
 tenured generation   total 349568K, used 349567K [0x108a0000, 0x25e00000, 0x25e00000)
   the space 349568K,  99% used [0x108a0000, 0x25dffff0, 0x25e00000, 0x25e00000)
 Metaspace       used 22669K, capacity 23188K, committed 23296K, reserved 23936K
Event: 3964.433 GC heap after
Heap after GC invocations=3505 (full 2547):
 def new generation   total 157248K, used 157247K [0x05e00000, 0x108a0000, 0x108a0000)
  eden space 139776K,  99% used [0x05e00000, 0x0e67fff8, 0x0e680000)
  from space 17472K,  99% used [0x0e680000, 0x0f78ffe8, 0x0f790000)
  to   space 17472K,   0% used [0x0f790000, 0x0f790000, 0x108a0000)
 tenured generation   total 349568K, used 349567K [0x108a0000, 0x25e00000, 0x25e00000)
   the space 349568K,  99% used [0x108a0000, 0x25dffff0, 0x25e00000, 0x25e00000)
 Metaspace       used 22669K, capacity 23188K, committed 23296K, reserved 23936K
}
Event: 3964.435 GC heap before
{Heap before GC invocations=3505 (full 2547):
 def new generation   total 157248K, used 157247K [0x05e00000, 0x108a0000, 0x108a0000)
  eden space 139776K,  99% used [0x05e00000, 0x0e67fff8, 0x0e680000)
  from space 17472K,  99% used [0x0e680000, 0x0f78ffe8, 0x0f790000)
  to   space 17472K,   0% used [0x0f790000, 0x0f790000, 0x108a0000)
 tenured generation   total 349568K, used 349567K [0x108a0000, 0x25e00000, 0x25e00000)
   the space 349568K,  99% used [0x108a0000, 0x25dffff0, 0x25e00000, 0x25e00000)
 Metaspace       used 22669K, capacity 23188K, committed 23296K, reserved 23936K
Event: 3964.825 GC heap after
Heap after GC invocations=3506 (full 2548):
 def new generation   total 157248K, used 157247K [0x05e00000, 0x108a0000, 0x108a0000)
  eden space 139776K,  99% used [0x05e00000, 0x0e67fff8, 0x0e680000)
  from space 17472K,  99% used [0x0e680000, 0x0f78ffe8, 0x0f790000)
  to   space 17472K,   0% used [0x0f790000, 0x0f790000, 0x108a0000)
 tenured generation   total 349568K, used 349567K [0x108a0000, 0x25e00000, 0x25e00000)
   the space 349568K,  99% used [0x108a0000, 0x25dffff0, 0x25e00000, 0x25e00000)
 Metaspace       used 22669K, capacity 23188K, committed 23296K, reserved 23936K
}
Event: 3964.825 GC heap before
{Heap before GC invocations=3506 (full 2548):
 def new generation   total 157248K, used 157247K [0x05e00000, 0x108a0000, 0x108a0000)
  eden space 139776K,  99% used [0x05e00000, 0x0e67fff8, 0x0e680000)
  from space 17472K,  99% used [0x0e680000, 0x0f78ffe8, 0x0f790000)
  to   space 17472K,   0% used [0x0f790000, 0x0f790000, 0x108a0000)
 tenured generation   total 349568K, used 349567K [0x108a0000, 0x25e00000, 0x25e00000)
   the space 349568K,  99% used [0x108a0000, 0x25dffff0, 0x25e00000, 0x25e00000)
 Metaspace       used 22669K, capacity 23188K, committed 23296K, reserved 23936K
Event: 3965.214 GC heap after
Heap after GC invocations=3507 (full 2549):
 def new generation   total 157248K, used 157247K [0x05e00000, 0x108a0000, 0x108a0000)
  eden space 139776K,  99% used [0x05e00000, 0x0e67fff8, 0x0e680000)
  from space 17472K,  99% used [0x0e680000, 0x0f78ffe8, 0x0f790000)
  to   space 17472K,   0% used [0x0f790000, 0x0f790000, 0x108a0000)
 tenured generation   total 349568K, used 349567K [0x108a0000, 0x25e00000, 0x25e00000)
   the space 349568K,  99% used [0x108a0000, 0x25dffff0, 0x25e00000, 0x25e00000)
 Metaspace       used 22669K, capacity 23188K, committed 23296K, reserved 23936K
}

